<?xml version="1.0" encoding="UTF-8"?>
<testsuite name="SearchTests" tests="1" skipped="0" failures="0" errors="0" timestamp="2023-08-10T16:50:24" hostname="Al-Fareeds-MacBook-Pro.local" time="11.041">
  <properties/>
  <testcase name="verifyIfSearchTermShowsRelevantResults" classname="SearchTests" time="11.041"/>
  <system-out><![CDATA[]]></system-out>
  <system-err><![CDATA[Aug 10, 2023 10:20:24 PM org.openqa.selenium.remote.service.DriverService$Builder getLogOutput
INFO: Driver logs no longer sent to console by default; https://www.selenium.dev/documentation/webdriver/drivers/service/#setting-log-output
Aug 10, 2023 10:20:28 PM org.openqa.selenium.devtools.CdpVersionFinder findNearestMatch
WARNING: Unable to find an exact match for CDP version 115, so returning the closest version found: 114
]]></system-err>
</testsuite>
